{"text": "2024-02-06 06:28:14 | INFO    | __main__:stash:131 | run - {'image': '20231121', 'version': '0.10.1.post2', 'role': 'EpicPlayer', 'headless': True}\n", "record": {"elapsed": {"repr": "0:00:02.259064", "seconds": 2.259064}, "exception": null, "extra": {"image": "20231121", "version": "0.10.1.post2", "role": "EpicPlayer", "headless": true}, "file": {"name": "claim.py", "path": "/home/runner/work/epic_weekly/epic_weekly/epic/src/claim.py"}, "function": "stash", "level": {"icon": "‚ÑπÔ∏è", "name": "INFO", "no": 20}, "line": 131, "message": "run", "module": "claim", "name": "__main__", "process": {"id": 3600, "name": "MainProcess"}, "thread": {"id": 140270341864320, "name": "MainThread"}, "time": {"repr": "2024-02-06 06:28:14.406352+08:00", "timestamp": 1707172094.406352}}}
{"text": "2024-02-06 06:28:20 | WARNING    | epic_games.agent:get_order_history:467 | Failed to get order history, cookie may have expired - {}\n", "record": {"elapsed": {"repr": "0:00:07.908472", "seconds": 7.908472}, "exception": null, "extra": {}, "file": {"name": "agent.py", "path": "/home/runner/work/epic_weekly/epic_weekly/epic/src/epic_games/agent.py"}, "function": "get_order_history", "level": {"icon": "‚ö†Ô∏è", "name": "WARNING", "no": 30}, "line": 467, "message": "Failed to get order history, cookie may have expired", "module": "agent", "name": "epic_games.agent", "process": {"id": 3600, "name": "MainProcess"}, "thread": {"id": 140270341864320, "name": "MainThread"}, "time": {"repr": "2024-02-06 06:28:20.055760+08:00", "timestamp": 1707172100.05576}}}
{"text": "2024-02-06 06:28:20 | DEBUG    | __main__:create_tasks:66 | Put task - {'title': 'Doors - Paradox', 'url': 'https://store.epicgames.com/en-US/p/doors-paradox-5896c7'}\n", "record": {"elapsed": {"repr": "0:00:08.096773", "seconds": 8.096773}, "exception": null, "extra": {"title": "Doors - Paradox", "url": "https://store.epicgames.com/en-US/p/doors-paradox-5896c7"}, "file": {"name": "claim.py", "path": "/home/runner/work/epic_weekly/epic_weekly/epic/src/claim.py"}, "function": "create_tasks", "level": {"icon": "üêû", "name": "DEBUG", "no": 10}, "line": 66, "message": "Put task", "module": "claim", "name": "__main__", "process": {"id": 3600, "name": "MainProcess"}, "thread": {"id": 140270341864320, "name": "MainThread"}, "time": {"repr": "2024-02-06 06:28:20.244061+08:00", "timestamp": 1707172100.244061}}}
{"text": "2024-02-06 06:28:24 | INFO    | epic_games.agent:claim_weekly_games:294 | claim_weekly_games - {'action': 'go to store', 'url': 'https://store.epicgames.com/en-US/p/doors-paradox-5896c7'}\n", "record": {"elapsed": {"repr": "0:00:12.581717", "seconds": 12.581717}, "exception": null, "extra": {"action": "go to store", "url": "https://store.epicgames.com/en-US/p/doors-paradox-5896c7"}, "file": {"name": "agent.py", "path": "/home/runner/work/epic_weekly/epic_weekly/epic/src/epic_games/agent.py"}, "function": "claim_weekly_games", "level": {"icon": "‚ÑπÔ∏è", "name": "INFO", "no": 20}, "line": 294, "message": "claim_weekly_games", "module": "agent", "name": "epic_games.agent", "process": {"id": 3600, "name": "MainProcess"}, "thread": {"id": 140270341864320, "name": "MainThread"}, "time": {"repr": "2024-02-06 06:28:24.729005+08:00", "timestamp": 1707172104.729005}}}
{"text": "2024-02-06 06:28:34 | INFO    | epic_games.agent:claim_weekly_games:326 | claim_weekly_games - {'action': 'move to webPurchaseContainer iframe'}\n", "record": {"elapsed": {"repr": "0:00:22.179134", "seconds": 22.179134}, "exception": null, "extra": {"action": "move to webPurchaseContainer iframe"}, "file": {"name": "agent.py", "path": "/home/runner/work/epic_weekly/epic_weekly/epic/src/epic_games/agent.py"}, "function": "claim_weekly_games", "level": {"icon": "‚ÑπÔ∏è", "name": "INFO", "no": 20}, "line": 326, "message": "claim_weekly_games", "module": "agent", "name": "epic_games.agent", "process": {"id": 3600, "name": "MainProcess"}, "thread": {"id": 140270341864320, "name": "MainThread"}, "time": {"repr": "2024-02-06 06:28:34.326422+08:00", "timestamp": 1707172114.326422}}}
{"text": "2024-02-06 06:28:36 | INFO    | epic_games.agent:claim_weekly_games:328 | claim_weekly_games - {'action': 'click payment button'}\n", "record": {"elapsed": {"repr": "0:00:24.549236", "seconds": 24.549236}, "exception": null, "extra": {"action": "click payment button"}, "file": {"name": "agent.py", "path": "/home/runner/work/epic_weekly/epic_weekly/epic/src/epic_games/agent.py"}, "function": "claim_weekly_games", "level": {"icon": "‚ÑπÔ∏è", "name": "INFO", "no": 20}, "line": 328, "message": "claim_weekly_games", "module": "agent", "name": "epic_games.agent", "process": {"id": 3600, "name": "MainProcess"}, "thread": {"id": 140270341864320, "name": "MainThread"}, "time": {"repr": "2024-02-06 06:28:36.696524+08:00", "timestamp": 1707172116.696524}}}
{"text": "2024-02-06 06:28:41 | DEBUG    | hcaptcha_challenger.agents.playwright.control:_parse_label:241 | get task - {'prompt': 'Please click on the object that differs from others.'}\n", "record": {"elapsed": {"repr": "0:00:29.551558", "seconds": 29.551558}, "exception": null, "extra": {"prompt": "Please click on the object that differs from others."}, "file": {"name": "control.py", "path": "/opt/hostedtoolcache/Python/3.10.13/x64/lib/python3.10/site-packages/hcaptcha_challenger/agents/playwright/control.py"}, "function": "_parse_label", "level": {"icon": "üêû", "name": "DEBUG", "no": 10}, "line": 241, "message": "get task", "module": "control", "name": "hcaptcha_challenger.agents.playwright.control", "process": {"id": 3600, "name": "MainProcess"}, "thread": {"id": 140270341864320, "name": "MainThread"}, "time": {"repr": "2024-02-06 06:28:41.698846+08:00", "timestamp": 1707172121.698846}}}
{"text": "2024-02-06 06:28:46 | DEBUG    | epic_games.agent:insert_challenge:106 | task done - {'sattus': 'success'}\n", "record": {"elapsed": {"repr": "0:00:34.503479", "seconds": 34.503479}, "exception": null, "extra": {"sattus": "success"}, "file": {"name": "agent.py", "path": "/home/runner/work/epic_weekly/epic_weekly/epic/src/epic_games/agent.py"}, "function": "insert_challenge", "level": {"icon": "üêû", "name": "DEBUG", "no": 10}, "line": 106, "message": "task done", "module": "agent", "name": "epic_games.agent", "process": {"id": 3600, "name": "MainProcess"}, "thread": {"id": 140270341864320, "name": "MainThread"}, "time": {"repr": "2024-02-06 06:28:46.650767+08:00", "timestamp": 1707172126.650767}}}
{"text": "2024-02-06 06:29:18 | INFO    | epic_games.agent:claim_weekly_games:294 | claim_weekly_games - {'action': 'go to store', 'url': 'https://store.epicgames.com/en-US/p/doors-paradox-5896c7'}\n", "record": {"elapsed": {"repr": "0:01:06.649579", "seconds": 66.649579}, "exception": null, "extra": {"action": "go to store", "url": "https://store.epicgames.com/en-US/p/doors-paradox-5896c7"}, "file": {"name": "agent.py", "path": "/home/runner/work/epic_weekly/epic_weekly/epic/src/epic_games/agent.py"}, "function": "claim_weekly_games", "level": {"icon": "‚ÑπÔ∏è", "name": "INFO", "no": 20}, "line": 294, "message": "claim_weekly_games", "module": "agent", "name": "epic_games.agent", "process": {"id": 3600, "name": "MainProcess"}, "thread": {"id": 140270341864320, "name": "MainThread"}, "time": {"repr": "2024-02-06 06:29:18.796867+08:00", "timestamp": 1707172158.796867}}}
{"text": "2024-02-06 06:29:27 | INFO    | epic_games.agent:claim_weekly_games:326 | claim_weekly_games - {'action': 'move to webPurchaseContainer iframe'}\n", "record": {"elapsed": {"repr": "0:01:15.031544", "seconds": 75.031544}, "exception": null, "extra": {"action": "move to webPurchaseContainer iframe"}, "file": {"name": "agent.py", "path": "/home/runner/work/epic_weekly/epic_weekly/epic/src/epic_games/agent.py"}, "function": "claim_weekly_games", "level": {"icon": "‚ÑπÔ∏è", "name": "INFO", "no": 20}, "line": 326, "message": "claim_weekly_games", "module": "agent", "name": "epic_games.agent", "process": {"id": 3600, "name": "MainProcess"}, "thread": {"id": 140270341864320, "name": "MainThread"}, "time": {"repr": "2024-02-06 06:29:27.178832+08:00", "timestamp": 1707172167.178832}}}
{"text": "2024-02-06 06:29:29 | INFO    | epic_games.agent:claim_weekly_games:328 | claim_weekly_games - {'action': 'click payment button'}\n", "record": {"elapsed": {"repr": "0:01:17.407121", "seconds": 77.407121}, "exception": null, "extra": {"action": "click payment button"}, "file": {"name": "agent.py", "path": "/home/runner/work/epic_weekly/epic_weekly/epic/src/epic_games/agent.py"}, "function": "claim_weekly_games", "level": {"icon": "‚ÑπÔ∏è", "name": "INFO", "no": 20}, "line": 328, "message": "claim_weekly_games", "module": "agent", "name": "epic_games.agent", "process": {"id": 3600, "name": "MainProcess"}, "thread": {"id": 140270341864320, "name": "MainThread"}, "time": {"repr": "2024-02-06 06:29:29.554409+08:00", "timestamp": 1707172169.554409}}}
{"text": "2024-02-06 06:29:34 | DEBUG    | hcaptcha_challenger.agents.playwright.control:_parse_label:241 | get task - {'prompt': 'Please cli—Åk on the object that differs from others.'}\n", "record": {"elapsed": {"repr": "0:01:22.409349", "seconds": 82.409349}, "exception": null, "extra": {"prompt": "Please cli—Åk on the object that differs from others."}, "file": {"name": "control.py", "path": "/opt/hostedtoolcache/Python/3.10.13/x64/lib/python3.10/site-packages/hcaptcha_challenger/agents/playwright/control.py"}, "function": "_parse_label", "level": {"icon": "üêû", "name": "DEBUG", "no": 10}, "line": 241, "message": "get task", "module": "control", "name": "hcaptcha_challenger.agents.playwright.control", "process": {"id": 3600, "name": "MainProcess"}, "thread": {"id": 140270341864320, "name": "MainThread"}, "time": {"repr": "2024-02-06 06:29:34.556637+08:00", "timestamp": 1707172174.556637}}}
{"text": "2024-02-06 06:29:39 | DEBUG    | epic_games.agent:insert_challenge:106 | task done - {'sattus': 'success'}\n", "record": {"elapsed": {"repr": "0:01:27.287967", "seconds": 87.287967}, "exception": null, "extra": {"sattus": "success"}, "file": {"name": "agent.py", "path": "/home/runner/work/epic_weekly/epic_weekly/epic/src/epic_games/agent.py"}, "function": "insert_challenge", "level": {"icon": "üêû", "name": "DEBUG", "no": 10}, "line": 106, "message": "task done", "module": "agent", "name": "epic_games.agent", "process": {"id": 3600, "name": "MainProcess"}, "thread": {"id": 140270341864320, "name": "MainThread"}, "time": {"repr": "2024-02-06 06:29:39.435255+08:00", "timestamp": 1707172179.435255}}}
{"text": "2024-02-06 06:30:11 | INFO    | epic_games.agent:claim_weekly_games:294 | claim_weekly_games - {'action': 'go to store', 'url': 'https://store.epicgames.com/en-US/p/doors-paradox-5896c7'}\n", "record": {"elapsed": {"repr": "0:01:59.417609", "seconds": 119.417609}, "exception": null, "extra": {"action": "go to store", "url": "https://store.epicgames.com/en-US/p/doors-paradox-5896c7"}, "file": {"name": "agent.py", "path": "/home/runner/work/epic_weekly/epic_weekly/epic/src/epic_games/agent.py"}, "function": "claim_weekly_games", "level": {"icon": "‚ÑπÔ∏è", "name": "INFO", "no": 20}, "line": 294, "message": "claim_weekly_games", "module": "agent", "name": "epic_games.agent", "process": {"id": 3600, "name": "MainProcess"}, "thread": {"id": 140270341864320, "name": "MainThread"}, "time": {"repr": "2024-02-06 06:30:11.564897+08:00", "timestamp": 1707172211.564897}}}
{"text": "2024-02-06 06:30:20 | INFO    | epic_games.agent:claim_weekly_games:326 | claim_weekly_games - {'action': 'move to webPurchaseContainer iframe'}\n", "record": {"elapsed": {"repr": "0:02:07.905655", "seconds": 127.905655}, "exception": null, "extra": {"action": "move to webPurchaseContainer iframe"}, "file": {"name": "agent.py", "path": "/home/runner/work/epic_weekly/epic_weekly/epic/src/epic_games/agent.py"}, "function": "claim_weekly_games", "level": {"icon": "‚ÑπÔ∏è", "name": "INFO", "no": 20}, "line": 326, "message": "claim_weekly_games", "module": "agent", "name": "epic_games.agent", "process": {"id": 3600, "name": "MainProcess"}, "thread": {"id": 140270341864320, "name": "MainThread"}, "time": {"repr": "2024-02-06 06:30:20.052943+08:00", "timestamp": 1707172220.052943}}}
{"text": "2024-02-06 06:30:22 | INFO    | epic_games.agent:claim_weekly_games:328 | claim_weekly_games - {'action': 'click payment button'}\n", "record": {"elapsed": {"repr": "0:02:10.304518", "seconds": 130.304518}, "exception": null, "extra": {"action": "click payment button"}, "file": {"name": "agent.py", "path": "/home/runner/work/epic_weekly/epic_weekly/epic/src/epic_games/agent.py"}, "function": "claim_weekly_games", "level": {"icon": "‚ÑπÔ∏è", "name": "INFO", "no": 20}, "line": 328, "message": "claim_weekly_games", "module": "agent", "name": "epic_games.agent", "process": {"id": 3600, "name": "MainProcess"}, "thread": {"id": 140270341864320, "name": "MainThread"}, "time": {"repr": "2024-02-06 06:30:22.451806+08:00", "timestamp": 1707172222.451806}}}
{"text": "2024-02-06 06:30:27 | DEBUG    | hcaptcha_challenger.agents.playwright.control:_parse_label:241 | get task - {'prompt': 'Œ°leas–µ click on t“ª–µ obj–µct that differs from others.'}\n", "record": {"elapsed": {"repr": "0:02:15.307520", "seconds": 135.30752}, "exception": null, "extra": {"prompt": "Œ°leas–µ click on t“ª–µ obj–µct that differs from others."}, "file": {"name": "control.py", "path": "/opt/hostedtoolcache/Python/3.10.13/x64/lib/python3.10/site-packages/hcaptcha_challenger/agents/playwright/control.py"}, "function": "_parse_label", "level": {"icon": "üêû", "name": "DEBUG", "no": 10}, "line": 241, "message": "get task", "module": "control", "name": "hcaptcha_challenger.agents.playwright.control", "process": {"id": 3600, "name": "MainProcess"}, "thread": {"id": 140270341864320, "name": "MainThread"}, "time": {"repr": "2024-02-06 06:30:27.454808+08:00", "timestamp": 1707172227.454808}}}
{"text": "2024-02-06 06:30:32 | DEBUG    | epic_games.agent:insert_challenge:106 | task done - {'sattus': 'success'}\n", "record": {"elapsed": {"repr": "0:02:20.186202", "seconds": 140.186202}, "exception": null, "extra": {"sattus": "success"}, "file": {"name": "agent.py", "path": "/home/runner/work/epic_weekly/epic_weekly/epic/src/epic_games/agent.py"}, "function": "insert_challenge", "level": {"icon": "üêû", "name": "DEBUG", "no": 10}, "line": 106, "message": "task done", "module": "agent", "name": "epic_games.agent", "process": {"id": 3600, "name": "MainProcess"}, "thread": {"id": 140270341864320, "name": "MainThread"}, "time": {"repr": "2024-02-06 06:30:32.333490+08:00", "timestamp": 1707172232.33349}}}
{"text": "2024-02-06 06:31:04 | ERROR    | __main__:run:158 | An error has been caught in function 'run', process 'MainProcess' (3600), thread 'MainThread' (140270341864320): - {}\nTraceback (most recent call last):\n  File \"/home/runner/work/epic_weekly/epic_weekly/epic/src/claim.py\", line 151, in stash\n    await self.claim_epic_games(context)\n  File \"/home/runner/work/epic_weekly/epic_weekly/epic/src/claim.py\", line 122, in claim_epic_games\n    await epic.claim_weekly_games(page, single_promotions)\n  File \"/opt/hostedtoolcache/Python/3.10.13/x64/lib/python3.10/site-packages/tenacity/_asyncio.py\", line 88, in async_wrapped\n    return await fn(*args, **kwargs)\n  File \"/opt/hostedtoolcache/Python/3.10.13/x64/lib/python3.10/site-packages/tenacity/_asyncio.py\", line 47, in __call__\n    do = self.iter(retry_state=retry_state)\n  File \"/opt/hostedtoolcache/Python/3.10.13/x64/lib/python3.10/site-packages/tenacity/__init__.py\", line 325, in iter\n    raise retry_exc.reraise()\n  File \"/opt/hostedtoolcache/Python/3.10.13/x64/lib/python3.10/site-packages/tenacity/__init__.py\", line 158, in reraise\n    raise self.last_attempt.result()\n  File \"/opt/hostedtoolcache/Python/3.10.13/x64/lib/python3.10/concurrent/futures/_base.py\", line 451, in result\n    return self.__get_result()\n  File \"/opt/hostedtoolcache/Python/3.10.13/x64/lib/python3.10/concurrent/futures/_base.py\", line 403, in __get_result\n    raise self._exception\n  File \"/opt/hostedtoolcache/Python/3.10.13/x64/lib/python3.10/site-packages/tenacity/_asyncio.py\", line 50, in __call__\n    result = await fn(*args, **kwargs)\n  File \"/home/runner/work/epic_weekly/epic_weekly/epic/src/epic_games/agent.py\", line 338, in claim_weekly_games\n    await page.wait_for_url(recur_url)\n  File \"/opt/hostedtoolcache/Python/3.10.13/x64/lib/python3.10/site-packages/playwright/async_api/_generated.py\", line 9432, in wait_for_url\n    await self._impl_obj.wait_for_url(\n  File \"/opt/hostedtoolcache/Python/3.10.13/x64/lib/python3.10/site-packages/playwright/_impl/_page.py\", line 508, in wait_for_url\n    return await self._main_frame.wait_for_url(**locals_to_params(locals()))\n  File \"/opt/hostedtoolcache/Python/3.10.13/x64/lib/python3.10/site-packages/playwright/_impl/_frame.py\", line 237, in wait_for_url\n    async with self.expect_navigation(\n  File \"/opt/hostedtoolcache/Python/3.10.13/x64/lib/python3.10/site-packages/playwright/_impl/_event_context_manager.py\", line 33, in __aexit__\n    await self._future\n  File \"/opt/hostedtoolcache/Python/3.10.13/x64/lib/python3.10/site-packages/playwright/_impl/_frame.py\", line 212, in continuation\n    event = await waiter.result()\nplaywright._impl._errors.TimeoutError: Timeout 30000ms exceeded.\n=========================== logs ===========================\nwaiting for navigation to \"https://store.epicgames.com/en-US/cart/success\" until 'load'\n============================================================\n\nDuring handling of the above exception, another exception occurred:\n\nTraceback (most recent call last):\n  File \"/home/runner/work/epic_weekly/epic_weekly/epic/src/claim.py\", line 162, in <module>\n    asyncio.run(run())\n  File \"/opt/hostedtoolcache/Python/3.10.13/x64/lib/python3.10/asyncio/runners.py\", line 44, in run\n    return loop.run_until_complete(main)\n  File \"/opt/hostedtoolcache/Python/3.10.13/x64/lib/python3.10/asyncio/base_events.py\", line 636, in run_until_complete\n    self.run_forever()\n  File \"/opt/hostedtoolcache/Python/3.10.13/x64/lib/python3.10/asyncio/base_events.py\", line 603, in run_forever\n    self._run_once()\n  File \"/opt/hostedtoolcache/Python/3.10.13/x64/lib/python3.10/asyncio/base_events.py\", line 1909, in _run_once\n    handle._run()\n  File \"/opt/hostedtoolcache/Python/3.10.13/x64/lib/python3.10/asyncio/events.py\", line 80, in _run\n    self._context.run(self._callback, *self._args)\n> File \"/home/runner/work/epic_weekly/epic_weekly/epic/src/claim.py\", line 158, in run\n    await agent.stash()\n  File \"/home/runner/work/epic_weekly/epic_weekly/epic/src/claim.py\", line 139, in stash\n    async with async_playwright() as p:\n  File \"/opt/hostedtoolcache/Python/3.10.13/x64/lib/python3.10/site-packages/playwright/async_api/_context_manager.py\", line 58, in __aexit__\n    await self._connection.stop_async()\n  File \"/opt/hostedtoolcache/Python/3.10.13/x64/lib/python3.10/site-packages/playwright/_impl/_connection.py\", line 289, in stop_async\n    self.cleanup()\n  File \"/opt/hostedtoolcache/Python/3.10.13/x64/lib/python3.10/site-packages/playwright/_impl/_connection.py\", line 300, in cleanup\n    callback.future.set_exception(self._closed_error)\nasyncio.exceptions.InvalidStateError: invalid state\n", "record": {"elapsed": {"repr": "0:02:52.078248", "seconds": 172.078248}, "exception": {"type": "InvalidStateError", "value": "invalid state", "traceback": true}, "extra": {}, "file": {"name": "claim.py", "path": "/home/runner/work/epic_weekly/epic_weekly/epic/src/claim.py"}, "function": "run", "level": {"icon": "‚ùå", "name": "ERROR", "no": 40}, "line": 158, "message": "An error has been caught in function 'run', process 'MainProcess' (3600), thread 'MainThread' (140270341864320):", "module": "claim", "name": "__main__", "process": {"id": 3600, "name": "MainProcess"}, "thread": {"id": 140270341864320, "name": "MainThread"}, "time": {"repr": "2024-02-06 06:31:04.225536+08:00", "timestamp": 1707172264.225536}}}
