{"text": "2024-01-26 06:26:55 | INFO    | __main__:stash:131 | run - {'image': '20231121', 'version': '0.10.1.post2', 'role': 'EpicPlayer', 'headless': True}\n", "record": {"elapsed": {"repr": "0:00:01.578728", "seconds": 1.578728}, "exception": null, "extra": {"image": "20231121", "version": "0.10.1.post2", "role": "EpicPlayer", "headless": true}, "file": {"name": "claim.py", "path": "/home/runner/work/epic_weekly/epic_weekly/epic/src/claim.py"}, "function": "stash", "level": {"icon": "‚ÑπÔ∏è", "name": "INFO", "no": 20}, "line": 131, "message": "run", "module": "claim", "name": "__main__", "process": {"id": 3622, "name": "MainProcess"}, "thread": {"id": 140174017842048, "name": "MainThread"}, "time": {"repr": "2024-01-26 06:26:55.943282+08:00", "timestamp": 1706221615.943282}}}
{"text": "2024-01-26 06:27:01 | WARNING    | epic_games.agent:get_order_history:467 | Failed to get order history, cookie may have expired - {}\n", "record": {"elapsed": {"repr": "0:00:06.943028", "seconds": 6.943028}, "exception": null, "extra": {}, "file": {"name": "agent.py", "path": "/home/runner/work/epic_weekly/epic_weekly/epic/src/epic_games/agent.py"}, "function": "get_order_history", "level": {"icon": "‚ö†Ô∏è", "name": "WARNING", "no": 30}, "line": 467, "message": "Failed to get order history, cookie may have expired", "module": "agent", "name": "epic_games.agent", "process": {"id": 3622, "name": "MainProcess"}, "thread": {"id": 140174017842048, "name": "MainThread"}, "time": {"repr": "2024-01-26 06:27:01.307582+08:00", "timestamp": 1706221621.307582}}}
{"text": "2024-01-26 06:27:01 | DEBUG    | __main__:create_tasks:66 | Put task - {'title': 'Infinifactory', 'url': 'https://store.epicgames.com/en-US/p/infinifactory-ec9686'}\n", "record": {"elapsed": {"repr": "0:00:07.169101", "seconds": 7.169101}, "exception": null, "extra": {"title": "Infinifactory", "url": "https://store.epicgames.com/en-US/p/infinifactory-ec9686"}, "file": {"name": "claim.py", "path": "/home/runner/work/epic_weekly/epic_weekly/epic/src/claim.py"}, "function": "create_tasks", "level": {"icon": "üêû", "name": "DEBUG", "no": 10}, "line": 66, "message": "Put task", "module": "claim", "name": "__main__", "process": {"id": 3622, "name": "MainProcess"}, "thread": {"id": 140174017842048, "name": "MainThread"}, "time": {"repr": "2024-01-26 06:27:01.533655+08:00", "timestamp": 1706221621.533655}}}
{"text": "2024-01-26 06:27:05 | INFO    | epic_games.agent:claim_weekly_games:294 | claim_weekly_games - {'action': 'go to store', 'url': 'https://store.epicgames.com/en-US/p/infinifactory-ec9686'}\n", "record": {"elapsed": {"repr": "0:00:11.371739", "seconds": 11.371739}, "exception": null, "extra": {"action": "go to store", "url": "https://store.epicgames.com/en-US/p/infinifactory-ec9686"}, "file": {"name": "agent.py", "path": "/home/runner/work/epic_weekly/epic_weekly/epic/src/epic_games/agent.py"}, "function": "claim_weekly_games", "level": {"icon": "‚ÑπÔ∏è", "name": "INFO", "no": 20}, "line": 294, "message": "claim_weekly_games", "module": "agent", "name": "epic_games.agent", "process": {"id": 3622, "name": "MainProcess"}, "thread": {"id": 140174017842048, "name": "MainThread"}, "time": {"repr": "2024-01-26 06:27:05.736293+08:00", "timestamp": 1706221625.736293}}}
{"text": "2024-01-26 06:27:16 | INFO    | epic_games.agent:claim_weekly_games:326 | claim_weekly_games - {'action': 'move to webPurchaseContainer iframe'}\n", "record": {"elapsed": {"repr": "0:00:22.556766", "seconds": 22.556766}, "exception": null, "extra": {"action": "move to webPurchaseContainer iframe"}, "file": {"name": "agent.py", "path": "/home/runner/work/epic_weekly/epic_weekly/epic/src/epic_games/agent.py"}, "function": "claim_weekly_games", "level": {"icon": "‚ÑπÔ∏è", "name": "INFO", "no": 20}, "line": 326, "message": "claim_weekly_games", "module": "agent", "name": "epic_games.agent", "process": {"id": 3622, "name": "MainProcess"}, "thread": {"id": 140174017842048, "name": "MainThread"}, "time": {"repr": "2024-01-26 06:27:16.921320+08:00", "timestamp": 1706221636.92132}}}
{"text": "2024-01-26 06:27:19 | INFO    | epic_games.agent:claim_weekly_games:328 | claim_weekly_games - {'action': 'click payment button'}\n", "record": {"elapsed": {"repr": "0:00:25.003183", "seconds": 25.003183}, "exception": null, "extra": {"action": "click payment button"}, "file": {"name": "agent.py", "path": "/home/runner/work/epic_weekly/epic_weekly/epic/src/epic_games/agent.py"}, "function": "claim_weekly_games", "level": {"icon": "‚ÑπÔ∏è", "name": "INFO", "no": 20}, "line": 328, "message": "claim_weekly_games", "module": "agent", "name": "epic_games.agent", "process": {"id": 3622, "name": "MainProcess"}, "thread": {"id": 140174017842048, "name": "MainThread"}, "time": {"repr": "2024-01-26 06:27:19.367737+08:00", "timestamp": 1706221639.367737}}}
{"text": "2024-01-26 06:27:24 | DEBUG    | hcaptcha_challenger.agents.playwright.control:_parse_label:241 | get task - {'prompt': 'Please find and click on the number 8 in the image below.'}\n", "record": {"elapsed": {"repr": "0:00:30.005794", "seconds": 30.005794}, "exception": null, "extra": {"prompt": "Please find and click on the number 8 in the image below."}, "file": {"name": "control.py", "path": "/opt/hostedtoolcache/Python/3.10.13/x64/lib/python3.10/site-packages/hcaptcha_challenger/agents/playwright/control.py"}, "function": "_parse_label", "level": {"icon": "üêû", "name": "DEBUG", "no": 10}, "line": 241, "message": "get task", "module": "control", "name": "hcaptcha_challenger.agents.playwright.control", "process": {"id": 3622, "name": "MainProcess"}, "thread": {"id": 140174017842048, "name": "MainThread"}, "time": {"repr": "2024-01-26 06:27:24.370348+08:00", "timestamp": 1706221644.370348}}}
{"text": "2024-01-26 06:27:29 | DEBUG    | epic_games.agent:insert_challenge:106 | task done - {'sattus': 'success'}\n", "record": {"elapsed": {"repr": "0:00:35.025272", "seconds": 35.025272}, "exception": null, "extra": {"sattus": "success"}, "file": {"name": "agent.py", "path": "/home/runner/work/epic_weekly/epic_weekly/epic/src/epic_games/agent.py"}, "function": "insert_challenge", "level": {"icon": "üêû", "name": "DEBUG", "no": 10}, "line": 106, "message": "task done", "module": "agent", "name": "epic_games.agent", "process": {"id": 3622, "name": "MainProcess"}, "thread": {"id": 140174017842048, "name": "MainThread"}, "time": {"repr": "2024-01-26 06:27:29.389826+08:00", "timestamp": 1706221649.389826}}}
{"text": "2024-01-26 06:28:01 | INFO    | epic_games.agent:claim_weekly_games:294 | claim_weekly_games - {'action': 'go to store', 'url': 'https://store.epicgames.com/en-US/p/infinifactory-ec9686'}\n", "record": {"elapsed": {"repr": "0:01:07.172486", "seconds": 67.172486}, "exception": null, "extra": {"action": "go to store", "url": "https://store.epicgames.com/en-US/p/infinifactory-ec9686"}, "file": {"name": "agent.py", "path": "/home/runner/work/epic_weekly/epic_weekly/epic/src/epic_games/agent.py"}, "function": "claim_weekly_games", "level": {"icon": "‚ÑπÔ∏è", "name": "INFO", "no": 20}, "line": 294, "message": "claim_weekly_games", "module": "agent", "name": "epic_games.agent", "process": {"id": 3622, "name": "MainProcess"}, "thread": {"id": 140174017842048, "name": "MainThread"}, "time": {"repr": "2024-01-26 06:28:01.537040+08:00", "timestamp": 1706221681.53704}}}
{"text": "2024-01-26 06:28:09 | INFO    | epic_games.agent:claim_weekly_games:326 | claim_weekly_games - {'action': 'move to webPurchaseContainer iframe'}\n", "record": {"elapsed": {"repr": "0:01:15.371365", "seconds": 75.371365}, "exception": null, "extra": {"action": "move to webPurchaseContainer iframe"}, "file": {"name": "agent.py", "path": "/home/runner/work/epic_weekly/epic_weekly/epic/src/epic_games/agent.py"}, "function": "claim_weekly_games", "level": {"icon": "‚ÑπÔ∏è", "name": "INFO", "no": 20}, "line": 326, "message": "claim_weekly_games", "module": "agent", "name": "epic_games.agent", "process": {"id": 3622, "name": "MainProcess"}, "thread": {"id": 140174017842048, "name": "MainThread"}, "time": {"repr": "2024-01-26 06:28:09.735919+08:00", "timestamp": 1706221689.735919}}}
{"text": "2024-01-26 06:28:12 | INFO    | epic_games.agent:claim_weekly_games:328 | claim_weekly_games - {'action': 'click payment button'}\n", "record": {"elapsed": {"repr": "0:01:17.758639", "seconds": 77.758639}, "exception": null, "extra": {"action": "click payment button"}, "file": {"name": "agent.py", "path": "/home/runner/work/epic_weekly/epic_weekly/epic/src/epic_games/agent.py"}, "function": "claim_weekly_games", "level": {"icon": "‚ÑπÔ∏è", "name": "INFO", "no": 20}, "line": 328, "message": "claim_weekly_games", "module": "agent", "name": "epic_games.agent", "process": {"id": 3622, "name": "MainProcess"}, "thread": {"id": 140174017842048, "name": "MainThread"}, "time": {"repr": "2024-01-26 06:28:12.123193+08:00", "timestamp": 1706221692.123193}}}
{"text": "2024-01-26 06:28:17 | DEBUG    | hcaptcha_challenger.agents.playwright.control:_parse_label:241 | get task - {'prompt': 'Œ°lease find and click on the number 8 in the image below.'}\n", "record": {"elapsed": {"repr": "0:01:22.761349", "seconds": 82.761349}, "exception": null, "extra": {"prompt": "Œ°lease find and click on the number 8 in the image below."}, "file": {"name": "control.py", "path": "/opt/hostedtoolcache/Python/3.10.13/x64/lib/python3.10/site-packages/hcaptcha_challenger/agents/playwright/control.py"}, "function": "_parse_label", "level": {"icon": "üêû", "name": "DEBUG", "no": 10}, "line": 241, "message": "get task", "module": "control", "name": "hcaptcha_challenger.agents.playwright.control", "process": {"id": 3622, "name": "MainProcess"}, "thread": {"id": 140174017842048, "name": "MainThread"}, "time": {"repr": "2024-01-26 06:28:17.125903+08:00", "timestamp": 1706221697.125903}}}
{"text": "2024-01-26 06:28:22 | DEBUG    | epic_games.agent:insert_challenge:106 | task done - {'sattus': 'success'}\n", "record": {"elapsed": {"repr": "0:01:27.723502", "seconds": 87.723502}, "exception": null, "extra": {"sattus": "success"}, "file": {"name": "agent.py", "path": "/home/runner/work/epic_weekly/epic_weekly/epic/src/epic_games/agent.py"}, "function": "insert_challenge", "level": {"icon": "üêû", "name": "DEBUG", "no": 10}, "line": 106, "message": "task done", "module": "agent", "name": "epic_games.agent", "process": {"id": 3622, "name": "MainProcess"}, "thread": {"id": 140174017842048, "name": "MainThread"}, "time": {"repr": "2024-01-26 06:28:22.088056+08:00", "timestamp": 1706221702.088056}}}
{"text": "2024-01-26 06:28:54 | INFO    | epic_games.agent:claim_weekly_games:294 | claim_weekly_games - {'action': 'go to store', 'url': 'https://store.epicgames.com/en-US/p/infinifactory-ec9686'}\n", "record": {"elapsed": {"repr": "0:01:59.884307", "seconds": 119.884307}, "exception": null, "extra": {"action": "go to store", "url": "https://store.epicgames.com/en-US/p/infinifactory-ec9686"}, "file": {"name": "agent.py", "path": "/home/runner/work/epic_weekly/epic_weekly/epic/src/epic_games/agent.py"}, "function": "claim_weekly_games", "level": {"icon": "‚ÑπÔ∏è", "name": "INFO", "no": 20}, "line": 294, "message": "claim_weekly_games", "module": "agent", "name": "epic_games.agent", "process": {"id": 3622, "name": "MainProcess"}, "thread": {"id": 140174017842048, "name": "MainThread"}, "time": {"repr": "2024-01-26 06:28:54.248861+08:00", "timestamp": 1706221734.248861}}}
{"text": "2024-01-26 06:29:02 | INFO    | epic_games.agent:claim_weekly_games:326 | claim_weekly_games - {'action': 'move to webPurchaseContainer iframe'}\n", "record": {"elapsed": {"repr": "0:02:07.984754", "seconds": 127.984754}, "exception": null, "extra": {"action": "move to webPurchaseContainer iframe"}, "file": {"name": "agent.py", "path": "/home/runner/work/epic_weekly/epic_weekly/epic/src/epic_games/agent.py"}, "function": "claim_weekly_games", "level": {"icon": "‚ÑπÔ∏è", "name": "INFO", "no": 20}, "line": 326, "message": "claim_weekly_games", "module": "agent", "name": "epic_games.agent", "process": {"id": 3622, "name": "MainProcess"}, "thread": {"id": 140174017842048, "name": "MainThread"}, "time": {"repr": "2024-01-26 06:29:02.349308+08:00", "timestamp": 1706221742.349308}}}
{"text": "2024-01-26 06:29:04 | INFO    | epic_games.agent:claim_weekly_games:328 | claim_weekly_games - {'action': 'click payment button'}\n", "record": {"elapsed": {"repr": "0:02:10.368154", "seconds": 130.368154}, "exception": null, "extra": {"action": "click payment button"}, "file": {"name": "agent.py", "path": "/home/runner/work/epic_weekly/epic_weekly/epic/src/epic_games/agent.py"}, "function": "claim_weekly_games", "level": {"icon": "‚ÑπÔ∏è", "name": "INFO", "no": 20}, "line": 328, "message": "claim_weekly_games", "module": "agent", "name": "epic_games.agent", "process": {"id": 3622, "name": "MainProcess"}, "thread": {"id": 140174017842048, "name": "MainThread"}, "time": {"repr": "2024-01-26 06:29:04.732708+08:00", "timestamp": 1706221744.732708}}}
{"text": "2024-01-26 06:29:09 | DEBUG    | hcaptcha_challenger.agents.playwright.control:_parse_label:241 | get task - {'prompt': 'Œ°lease find and click on the number 8 in the image below.'}\n", "record": {"elapsed": {"repr": "0:02:15.370199", "seconds": 135.370199}, "exception": null, "extra": {"prompt": "Œ°lease find and click on the number 8 in the image below."}, "file": {"name": "control.py", "path": "/opt/hostedtoolcache/Python/3.10.13/x64/lib/python3.10/site-packages/hcaptcha_challenger/agents/playwright/control.py"}, "function": "_parse_label", "level": {"icon": "üêû", "name": "DEBUG", "no": 10}, "line": 241, "message": "get task", "module": "control", "name": "hcaptcha_challenger.agents.playwright.control", "process": {"id": 3622, "name": "MainProcess"}, "thread": {"id": 140174017842048, "name": "MainThread"}, "time": {"repr": "2024-01-26 06:29:09.734753+08:00", "timestamp": 1706221749.734753}}}
{"text": "2024-01-26 06:29:18 | DEBUG    | epic_games.agent:insert_challenge:106 | task done - {'sattus': 'success'}\n", "record": {"elapsed": {"repr": "0:02:23.907965", "seconds": 143.907965}, "exception": null, "extra": {"sattus": "success"}, "file": {"name": "agent.py", "path": "/home/runner/work/epic_weekly/epic_weekly/epic/src/epic_games/agent.py"}, "function": "insert_challenge", "level": {"icon": "üêû", "name": "DEBUG", "no": 10}, "line": 106, "message": "task done", "module": "agent", "name": "epic_games.agent", "process": {"id": 3622, "name": "MainProcess"}, "thread": {"id": 140174017842048, "name": "MainThread"}, "time": {"repr": "2024-01-26 06:29:18.272519+08:00", "timestamp": 1706221758.272519}}}
{"text": "2024-01-26 06:29:50 | ERROR    | __main__:run:158 | An error has been caught in function 'run', process 'MainProcess' (3622), thread 'MainThread' (140174017842048): - {}\nTraceback (most recent call last):\n  File \"/home/runner/work/epic_weekly/epic_weekly/epic/src/claim.py\", line 151, in stash\n    await self.claim_epic_games(context)\n  File \"/home/runner/work/epic_weekly/epic_weekly/epic/src/claim.py\", line 122, in claim_epic_games\n    await epic.claim_weekly_games(page, single_promotions)\n  File \"/opt/hostedtoolcache/Python/3.10.13/x64/lib/python3.10/site-packages/tenacity/_asyncio.py\", line 88, in async_wrapped\n    return await fn(*args, **kwargs)\n  File \"/opt/hostedtoolcache/Python/3.10.13/x64/lib/python3.10/site-packages/tenacity/_asyncio.py\", line 47, in __call__\n    do = self.iter(retry_state=retry_state)\n  File \"/opt/hostedtoolcache/Python/3.10.13/x64/lib/python3.10/site-packages/tenacity/__init__.py\", line 325, in iter\n    raise retry_exc.reraise()\n  File \"/opt/hostedtoolcache/Python/3.10.13/x64/lib/python3.10/site-packages/tenacity/__init__.py\", line 158, in reraise\n    raise self.last_attempt.result()\n  File \"/opt/hostedtoolcache/Python/3.10.13/x64/lib/python3.10/concurrent/futures/_base.py\", line 451, in result\n    return self.__get_result()\n  File \"/opt/hostedtoolcache/Python/3.10.13/x64/lib/python3.10/concurrent/futures/_base.py\", line 403, in __get_result\n    raise self._exception\n  File \"/opt/hostedtoolcache/Python/3.10.13/x64/lib/python3.10/site-packages/tenacity/_asyncio.py\", line 50, in __call__\n    result = await fn(*args, **kwargs)\n  File \"/home/runner/work/epic_weekly/epic_weekly/epic/src/epic_games/agent.py\", line 338, in claim_weekly_games\n    await page.wait_for_url(recur_url)\n  File \"/opt/hostedtoolcache/Python/3.10.13/x64/lib/python3.10/site-packages/playwright/async_api/_generated.py\", line 9432, in wait_for_url\n    await self._impl_obj.wait_for_url(\n  File \"/opt/hostedtoolcache/Python/3.10.13/x64/lib/python3.10/site-packages/playwright/_impl/_page.py\", line 508, in wait_for_url\n    return await self._main_frame.wait_for_url(**locals_to_params(locals()))\n  File \"/opt/hostedtoolcache/Python/3.10.13/x64/lib/python3.10/site-packages/playwright/_impl/_frame.py\", line 237, in wait_for_url\n    async with self.expect_navigation(\n  File \"/opt/hostedtoolcache/Python/3.10.13/x64/lib/python3.10/site-packages/playwright/_impl/_event_context_manager.py\", line 33, in __aexit__\n    await self._future\n  File \"/opt/hostedtoolcache/Python/3.10.13/x64/lib/python3.10/site-packages/playwright/_impl/_frame.py\", line 212, in continuation\n    event = await waiter.result()\nplaywright._impl._errors.TimeoutError: Timeout 30000ms exceeded.\n=========================== logs ===========================\nwaiting for navigation to \"https://store.epicgames.com/en-US/cart/success\" until 'load'\n============================================================\n\nDuring handling of the above exception, another exception occurred:\n\nTraceback (most recent call last):\n  File \"/home/runner/work/epic_weekly/epic_weekly/epic/src/claim.py\", line 162, in <module>\n    asyncio.run(run())\n  File \"/opt/hostedtoolcache/Python/3.10.13/x64/lib/python3.10/asyncio/runners.py\", line 44, in run\n    return loop.run_until_complete(main)\n  File \"/opt/hostedtoolcache/Python/3.10.13/x64/lib/python3.10/asyncio/base_events.py\", line 636, in run_until_complete\n    self.run_forever()\n  File \"/opt/hostedtoolcache/Python/3.10.13/x64/lib/python3.10/asyncio/base_events.py\", line 603, in run_forever\n    self._run_once()\n  File \"/opt/hostedtoolcache/Python/3.10.13/x64/lib/python3.10/asyncio/base_events.py\", line 1909, in _run_once\n    handle._run()\n  File \"/opt/hostedtoolcache/Python/3.10.13/x64/lib/python3.10/asyncio/events.py\", line 80, in _run\n    self._context.run(self._callback, *self._args)\n> File \"/home/runner/work/epic_weekly/epic_weekly/epic/src/claim.py\", line 158, in run\n    await agent.stash()\n  File \"/home/runner/work/epic_weekly/epic_weekly/epic/src/claim.py\", line 139, in stash\n    async with async_playwright() as p:\n  File \"/opt/hostedtoolcache/Python/3.10.13/x64/lib/python3.10/site-packages/playwright/async_api/_context_manager.py\", line 58, in __aexit__\n    await self._connection.stop_async()\n  File \"/opt/hostedtoolcache/Python/3.10.13/x64/lib/python3.10/site-packages/playwright/_impl/_connection.py\", line 289, in stop_async\n    self.cleanup()\n  File \"/opt/hostedtoolcache/Python/3.10.13/x64/lib/python3.10/site-packages/playwright/_impl/_connection.py\", line 300, in cleanup\n    callback.future.set_exception(self._closed_error)\nasyncio.exceptions.InvalidStateError: invalid state\n", "record": {"elapsed": {"repr": "0:02:55.808585", "seconds": 175.808585}, "exception": {"type": "InvalidStateError", "value": "invalid state", "traceback": true}, "extra": {}, "file": {"name": "claim.py", "path": "/home/runner/work/epic_weekly/epic_weekly/epic/src/claim.py"}, "function": "run", "level": {"icon": "‚ùå", "name": "ERROR", "no": 40}, "line": 158, "message": "An error has been caught in function 'run', process 'MainProcess' (3622), thread 'MainThread' (140174017842048):", "module": "claim", "name": "__main__", "process": {"id": 3622, "name": "MainProcess"}, "thread": {"id": 140174017842048, "name": "MainThread"}, "time": {"repr": "2024-01-26 06:29:50.173139+08:00", "timestamp": 1706221790.173139}}}
