{"text": "2023-09-09 07:45:12 | INFO - prelude- {'action': 'Checking the operating environment'}\n", "record": {"elapsed": {"repr": "0:00:00.484184", "seconds": 0.484184}, "exception": null, "extra": {"action": "Checking the operating environment"}, "file": {"name": "claim.py", "path": "/home/runner/work/epic_weekly/epic_weekly/epic/src/claim.py"}, "function": "prelude", "level": {"icon": "‚ÑπÔ∏è", "name": "INFO", "no": 20}, "line": 25, "message": "prelude", "module": "claim", "name": "__main__", "process": {"id": 3563, "name": "MainProcess"}, "thread": {"id": 140056246901632, "name": "MainThread"}, "time": {"repr": "2023-09-09 07:45:12.502652+08:00", "timestamp": 1694216712.502652}}}
{"text": "2023-09-09 07:45:12 | DEBUG - Downloading resource- {'url': 'https://raw.githubusercontent.com/QIN2DIM/hcaptcha-challenger/main/src/objects.yaml', 'to': '/opt/hostedtoolcache/Python/3.10.13/x64/lib/python3.10/site-packages/hcaptcha_challenger/onnx/models/objects.yaml'}\n", "record": {"elapsed": {"repr": "0:00:00.930378", "seconds": 0.930378}, "exception": null, "extra": {"url": "https://raw.githubusercontent.com/QIN2DIM/hcaptcha-challenger/main/src/objects.yaml", "to": "/opt/hostedtoolcache/Python/3.10.13/x64/lib/python3.10/site-packages/hcaptcha_challenger/onnx/models/objects.yaml"}, "file": {"name": "modelhub.py", "path": "/opt/hostedtoolcache/Python/3.10.13/x64/lib/python3.10/site-packages/hcaptcha_challenger/onnx/modelhub.py"}, "function": "request_resource", "level": {"icon": "üêû", "name": "DEBUG", "no": 10}, "line": 45, "message": "Downloading resource", "module": "modelhub", "name": "hcaptcha_challenger.onnx.modelhub", "process": {"id": 3563, "name": "MainProcess"}, "thread": {"id": 140056246901632, "name": "MainThread"}, "time": {"repr": "2023-09-09 07:45:12.948846+08:00", "timestamp": 1694216712.948846}}}
{"text": "2023-09-09 07:45:13 | INFO - Reloading the local cache of Assets- {'assets_dir': '/opt/hostedtoolcache/Python/3.10.13/x64/lib/python3.10/site-packages/hcaptcha_challenger/onnx/models/_assets'}\n", "record": {"elapsed": {"repr": "0:00:01.188868", "seconds": 1.188868}, "exception": null, "extra": {"assets_dir": "/opt/hostedtoolcache/Python/3.10.13/x64/lib/python3.10/site-packages/hcaptcha_challenger/onnx/models/_assets"}, "file": {"name": "modelhub.py", "path": "/opt/hostedtoolcache/Python/3.10.13/x64/lib/python3.10/site-packages/hcaptcha_challenger/onnx/modelhub.py"}, "function": "flush_runtime_assets", "level": {"icon": "‚ÑπÔ∏è", "name": "INFO", "no": 20}, "line": 136, "message": "Reloading the local cache of Assets", "module": "modelhub", "name": "hcaptcha_challenger.onnx.modelhub", "process": {"id": 3563, "name": "MainProcess"}, "thread": {"id": 140056246901632, "name": "MainThread"}, "time": {"repr": "2023-09-09 07:45:13.207336+08:00", "timestamp": 1694216713.207336}}}
{"text": "2023-09-09 07:45:13 | DEBUG - Pulling Assets index file- {'url': 'https://api.github.com/repos/QIN2DIM/hcaptcha-challenger/releases'}\n", "record": {"elapsed": {"repr": "0:00:01.190103", "seconds": 1.190103}, "exception": null, "extra": {"url": "https://api.github.com/repos/QIN2DIM/hcaptcha-challenger/releases"}, "file": {"name": "modelhub.py", "path": "/opt/hostedtoolcache/Python/3.10.13/x64/lib/python3.10/site-packages/hcaptcha_challenger/onnx/modelhub.py"}, "function": "flush_runtime_assets", "level": {"icon": "üêû", "name": "DEBUG", "no": 10}, "line": 150, "message": "Pulling Assets index file", "module": "modelhub", "name": "hcaptcha_challenger.onnx.modelhub", "process": {"id": 3563, "name": "MainProcess"}, "thread": {"id": 140056246901632, "name": "MainThread"}, "time": {"repr": "2023-09-09 07:45:13.208571+08:00", "timestamp": 1694216713.208571}}}
{"text": "2023-09-09 07:45:16 | INFO - execute task- {'name': 'claim_epic_games'}\n", "record": {"elapsed": {"repr": "0:00:04.576791", "seconds": 4.576791}, "exception": null, "extra": {"name": "claim_epic_games"}, "file": {"name": "models.py", "path": "/home/runner/work/epic_weekly/epic_weekly/epic/src/services/models.py"}, "function": "execute", "level": {"icon": "‚ÑπÔ∏è", "name": "INFO", "no": 20}, "line": 105, "message": "execute task", "module": "models", "name": "services.models", "process": {"id": 3563, "name": "MainProcess"}, "thread": {"id": 140056246901632, "name": "MainThread"}, "time": {"repr": "2023-09-09 07:45:16.595259+08:00", "timestamp": 1694216716.595259}}}
{"text": "2023-09-09 07:45:16 | INFO - claim_epic_games- {'action': 'Try to flush cookie'}\n", "record": {"elapsed": {"repr": "0:00:04.644007", "seconds": 4.644007}, "exception": null, "extra": {"action": "Try to flush cookie"}, "file": {"name": "claim.py", "path": "/home/runner/work/epic_weekly/epic_weekly/epic/src/claim.py"}, "function": "claim_epic_games", "level": {"icon": "‚ÑπÔ∏è", "name": "INFO", "no": 20}, "line": 57, "message": "claim_epic_games", "module": "claim", "name": "__main__", "process": {"id": 3563, "name": "MainProcess"}, "thread": {"id": 140056246901632, "name": "MainThread"}, "time": {"repr": "2023-09-09 07:45:16.662475+08:00", "timestamp": 1694216716.662475}}}
{"text": "2023-09-09 07:45:20 | SUCCESS - login- {'result': 'token has not expired'}\n", "record": {"elapsed": {"repr": "0:00:08.512969", "seconds": 8.512969}, "exception": null, "extra": {"result": "token has not expired"}, "file": {"name": "epic_games.py", "path": "/home/runner/work/epic_weekly/epic_weekly/epic/src/services/agents/epic_games.py"}, "function": "_login", "level": {"icon": "‚úÖ", "name": "SUCCESS", "no": 25}, "line": 129, "message": "login", "module": "epic_games", "name": "services.agents.epic_games", "process": {"id": 3563, "name": "MainProcess"}, "thread": {"id": 140056246901632, "name": "MainThread"}, "time": {"repr": "2023-09-09 07:45:20.531437+08:00", "timestamp": 1694216720.531437}}}
{"text": "2023-09-09 07:45:36 | SUCCESS - flush_token- {'path': PosixPath('/home/runner/work/epic_weekly/epic_weekly/epic/user_data_dir/epic-games@jackylai260707/ctx_cookie.json')}\n", "record": {"elapsed": {"repr": "0:00:24.498386", "seconds": 24.498386}, "exception": null, "extra": {"path": "/home/runner/work/epic_weekly/epic_weekly/epic/user_data_dir/epic-games@jackylai260707/ctx_cookie.json"}, "file": {"name": "epic_games.py", "path": "/home/runner/work/epic_weekly/epic_weekly/epic/src/services/agents/epic_games.py"}, "function": "flush_token", "level": {"icon": "‚úÖ", "name": "SUCCESS", "no": 25}, "line": 150, "message": "flush_token", "module": "epic_games", "name": "services.agents.epic_games", "process": {"id": 3563, "name": "MainProcess"}, "thread": {"id": 140056246901632, "name": "MainThread"}, "time": {"repr": "2023-09-09 07:45:36.516854+08:00", "timestamp": 1694216736.516854}}}
{"text": "2023-09-09 07:45:37 | INFO - claim_weekly_games- {'action': 'go to store', 'url': 'https://store.epicgames.com/en-US/p/spelldrifter'}\n", "record": {"elapsed": {"repr": "0:00:25.918954", "seconds": 25.918954}, "exception": null, "extra": {"action": "go to store", "url": "https://store.epicgames.com/en-US/p/spelldrifter"}, "file": {"name": "epic_games.py", "path": "/home/runner/work/epic_weekly/epic_weekly/epic/src/services/agents/epic_games.py"}, "function": "claim_weekly_games", "level": {"icon": "‚ÑπÔ∏è", "name": "INFO", "no": 20}, "line": 162, "message": "claim_weekly_games", "module": "epic_games", "name": "services.agents.epic_games", "process": {"id": 3563, "name": "MainProcess"}, "thread": {"id": 140056246901632, "name": "MainThread"}, "time": {"repr": "2023-09-09 07:45:37.937422+08:00", "timestamp": 1694216737.937422}}}
{"text": "2023-09-09 07:45:49 | INFO - claim_weekly_games- {'action': 'move to webPurchaseContainer iframe'}\n", "record": {"elapsed": {"repr": "0:00:37.195220", "seconds": 37.19522}, "exception": null, "extra": {"action": "move to webPurchaseContainer iframe"}, "file": {"name": "epic_games.py", "path": "/home/runner/work/epic_weekly/epic_weekly/epic/src/services/agents/epic_games.py"}, "function": "claim_weekly_games", "level": {"icon": "‚ÑπÔ∏è", "name": "INFO", "no": 20}, "line": 190, "message": "claim_weekly_games", "module": "epic_games", "name": "services.agents.epic_games", "process": {"id": 3563, "name": "MainProcess"}, "thread": {"id": 140056246901632, "name": "MainThread"}, "time": {"repr": "2023-09-09 07:45:49.213688+08:00", "timestamp": 1694216749.213688}}}
{"text": "2023-09-09 07:45:52 | INFO - claim_weekly_games- {'action': 'click payment button'}\n", "record": {"elapsed": {"repr": "0:00:40.408433", "seconds": 40.408433}, "exception": null, "extra": {"action": "click payment button"}, "file": {"name": "epic_games.py", "path": "/home/runner/work/epic_weekly/epic_weekly/epic/src/services/agents/epic_games.py"}, "function": "claim_weekly_games", "level": {"icon": "‚ÑπÔ∏è", "name": "INFO", "no": 20}, "line": 197, "message": "claim_weekly_games", "module": "epic_games", "name": "services.agents.epic_games", "process": {"id": 3563, "name": "MainProcess"}, "thread": {"id": 140056246901632, "name": "MainThread"}, "time": {"repr": "2023-09-09 07:45:52.426901+08:00", "timestamp": 1694216752.426901}}}
{"text": "2023-09-09 07:47:14 | ERROR - An error has been caught in function '_run', process 'MainProcess' (3563), thread 'MainThread' (140056246901632):- {}\nTraceback (most recent call last):\n  File \"/home/runner/work/epic_weekly/epic_weekly/epic/src/services/models.py\", line 113, in execute\n    await container(context)\n  File \"/home/runner/work/epic_weekly/epic_weekly/epic/src/claim.py\", line 79, in claim_epic_games\n    await epic.claim_weekly_games(page, promotions)\n  File \"/home/runner/work/epic_weekly/epic_weekly/epic/src/services/agents/epic_games.py\", line 213, in claim_weekly_games\n    await page.wait_for_url(URL_CART_SUCCESS)\n  File \"/opt/hostedtoolcache/Python/3.10.13/x64/lib/python3.10/site-packages/playwright/async_api/_generated.py\", line 9408, in wait_for_url\n    await self._impl_obj.wait_for_url(\n  File \"/opt/hostedtoolcache/Python/3.10.13/x64/lib/python3.10/site-packages/playwright/_impl/_page.py\", line 503, in wait_for_url\n    return await self._main_frame.wait_for_url(**locals_to_params(locals()))\n  File \"/opt/hostedtoolcache/Python/3.10.13/x64/lib/python3.10/site-packages/playwright/_impl/_frame.py\", line 232, in wait_for_url\n    async with self.expect_navigation(\n  File \"/opt/hostedtoolcache/Python/3.10.13/x64/lib/python3.10/site-packages/playwright/_impl/_event_context_manager.py\", line 33, in __aexit__\n    await self._future\n  File \"/opt/hostedtoolcache/Python/3.10.13/x64/lib/python3.10/site-packages/playwright/_impl/_frame.py\", line 208, in continuation\n    event = await wait_helper.result()\nplaywright._impl._api_types.TimeoutError: Timeout 30000ms exceeded.\n=========================== logs ===========================\nwaiting for navigation to \"https://store.epicgames.com/en-US/cart/success\" until 'load'\n============================================================\n\nDuring handling of the above exception, another exception occurred:\n\nTraceback (most recent call last):\n  File \"/home/runner/work/epic_weekly/epic_weekly/epic/src/claim.py\", line 94, in <module>\n    asyncio.run(run())\n  File \"/opt/hostedtoolcache/Python/3.10.13/x64/lib/python3.10/asyncio/runners.py\", line 44, in run\n    return loop.run_until_complete(main)\n  File \"/opt/hostedtoolcache/Python/3.10.13/x64/lib/python3.10/asyncio/base_events.py\", line 636, in run_until_complete\n    self.run_forever()\n  File \"/opt/hostedtoolcache/Python/3.10.13/x64/lib/python3.10/asyncio/base_events.py\", line 603, in run_forever\n    self._run_once()\n  File \"/opt/hostedtoolcache/Python/3.10.13/x64/lib/python3.10/asyncio/base_events.py\", line 1909, in _run_once\n    handle._run()\n> File \"/opt/hostedtoolcache/Python/3.10.13/x64/lib/python3.10/asyncio/events.py\", line 80, in _run\n    self._context.run(self._callback, *self._args)\n  File \"/home/runner/work/epic_weekly/epic_weekly/epic/src/claim.py\", line 90, in run\n    await agent.execute(sequence=[claim_epic_games], headless=True)\n  File \"/home/runner/work/epic_weekly/epic_weekly/epic/src/services/models.py\", line 89, in execute\n    async with async_playwright() as p:\n  File \"/opt/hostedtoolcache/Python/3.10.13/x64/lib/python3.10/site-packages/playwright/async_api/_context_manager.py\", line 58, in __aexit__\n    await self._connection.stop_async()\n  File \"/opt/hostedtoolcache/Python/3.10.13/x64/lib/python3.10/site-packages/playwright/_impl/_connection.py\", line 284, in stop_async\n    self.cleanup(error_message)\n  File \"/opt/hostedtoolcache/Python/3.10.13/x64/lib/python3.10/site-packages/playwright/_impl/_connection.py\", line 295, in cleanup\n    callback.future.set_exception(Error(error_message))\nasyncio.exceptions.InvalidStateError: invalid state\n", "record": {"elapsed": {"repr": "0:02:02.758106", "seconds": 122.758106}, "exception": {"type": "InvalidStateError", "value": "invalid state", "traceback": true}, "extra": {}, "file": {"name": "events.py", "path": "/opt/hostedtoolcache/Python/3.10.13/x64/lib/python3.10/asyncio/events.py"}, "function": "_run", "level": {"icon": "‚ùå", "name": "ERROR", "no": 40}, "line": 80, "message": "An error has been caught in function '_run', process 'MainProcess' (3563), thread 'MainThread' (140056246901632):", "module": "events", "name": "asyncio.events", "process": {"id": 3563, "name": "MainProcess"}, "thread": {"id": 140056246901632, "name": "MainThread"}, "time": {"repr": "2023-09-09 07:47:14.776574+08:00", "timestamp": 1694216834.776574}}}
